{"D:\\Dev\\express-api-w-front-builder\\server\\services\\demo.js": {"path":"D:\\Dev\\express-api-w-front-builder\\server\\services\\demo.js","all":false,"statementMap":{"0":{"start":{"line":1,"column":0},"end":{"line":1,"column":3}},"1":{"start":{"line":2,"column":0},"end":{"line":2,"column":71}},"2":{"start":{"line":3,"column":0},"end":{"line":3,"column":34}},"3":{"start":{"line":4,"column":0},"end":{"line":4,"column":3}},"4":{"start":{"line":5,"column":0},"end":{"line":5,"column":18}},"5":{"start":{"line":6,"column":0},"end":{"line":6,"column":14}},"6":{"start":{"line":7,"column":0},"end":{"line":7,"column":28}},"7":{"start":{"line":8,"column":0},"end":{"line":8,"column":4}},"8":{"start":{"line":9,"column":0},"end":{"line":9,"column":2}}},"s":{"0":1,"1":1,"2":1,"3":1,"4":1,"5":1,"6":1,"7":1,"8":1},"branchMap":{"0":{"type":"branch","line":6,"loc":{"start":{"line":6,"column":2},"end":{"line":8,"column":4}},"locations":[{"start":{"line":6,"column":2},"end":{"line":8,"column":4}}]}},"b":{"0":[1]},"fnMap":{"0":{"name":"sayHello","decl":{"start":{"line":6,"column":2},"end":{"line":8,"column":4}},"loc":{"start":{"line":6,"column":2},"end":{"line":8,"column":4}},"line":6}},"f":{"0":1}}
}
